<?xml version="1.0" encoding="UTF-8"?>
<testng-results ignored="3" total="4" passed="1" failed="0" skipped="0">
  <reporter-output>
  </reporter-output>
  <suite started-at="2023-08-02T12:26:08 PDT" name="Default suite" finished-at="2023-08-02T12:26:13 PDT" duration-ms="4927">
    <groups>
    </groups>
    <test started-at="2023-08-02T12:26:08 PDT" name="Default test" finished-at="2023-08-02T12:26:13 PDT" duration-ms="4927">
      <class name="TestHome">
        <test-method signature="addVehicle_verifyInput()[pri:0, instance:TestHome@151335cb]" started-at="2023-08-02T12:26:08 PDT" name="addVehicle_verifyInput" finished-at="2023-08-02T12:26:13 PDT" duration-ms="4752" status="PASS">
          <reporter-output>
          </reporter-output>
        </test-method> <!-- addVehicle_verifyInput -->
        <test-method is-config="true" signature="cleanup()[pri:0, instance:TestHome@151335cb]" started-at="2023-08-02T12:26:13 PDT" name="cleanup" finished-at="2023-08-02T12:26:13 PDT" duration-ms="145" status="PASS">
          <reporter-output>
          </reporter-output>
        </test-method> <!-- cleanup -->
      </class> <!-- TestHome -->
    </test> <!-- Default test -->
  </suite> <!-- Default suite -->
</testng-results>
