<?xml version="1.0" encoding="UTF-8"?>
<testng-results ignored="0" total="4" passed="3" failed="1" skipped="0">
  <reporter-output>
  </reporter-output>
  <suite started-at="2023-07-25T11:34:39 PDT" name="Default suite" finished-at="2023-07-25T11:34:52 PDT" duration-ms="13561">
    <groups>
    </groups>
    <test started-at="2023-07-25T11:34:39 PDT" name="Default test" finished-at="2023-07-25T11:34:52 PDT" duration-ms="13561">
      <class name="TestLittlePiggy">
        <test-method signature="Test_Piggy_Login()[pri:0, instance:TestLittlePiggy@67c33749]" started-at="2023-07-25T11:34:39 PDT" name="Test_Piggy_Login" finished-at="2023-07-25T11:34:43 PDT" duration-ms="4122" status="FAIL">
          <exception class="java.lang.AssertionError">
            <message>
              <![CDATA[expected:<http://34.193.84.77:8080/MavenWebProject/littlePiggy> but was:<http://34.193.84.77:8080/MavenWebProject/Home.html>]]>
            </message>
            <full-stacktrace>
              <![CDATA[java.lang.AssertionError: expected:<http://34.193.84.77:8080/MavenWebProject/littlePiggy> but was:<http://34.193.84.77:8080/MavenWebProject/Home.html>
at org.testng.AssertJUnit.assertEquals(AssertJUnit.java:115)
at org.testng.AssertJUnit.assertEquals(AssertJUnit.java:125)
at TestLittlePiggy.Test_Piggy_Login(TestLittlePiggy.java:16)
at java.base/jdk.internal.reflect.NativeMethodAccessorImpl.invoke0(Native Method)
at java.base/jdk.internal.reflect.NativeMethodAccessorImpl.invoke(NativeMethodAccessorImpl.java:62)
at java.base/jdk.internal.reflect.DelegatingMethodAccessorImpl.invoke(DelegatingMethodAccessorImpl.java:43)
at java.base/java.lang.reflect.Method.invoke(Method.java:566)
at org.testng.internal.MethodInvocationHelper.invokeMethod(MethodInvocationHelper.java:133)
at org.testng.internal.TestInvoker.invokeMethod(TestInvoker.java:598)
at org.testng.internal.TestInvoker.invokeTestMethod(TestInvoker.java:173)
at org.testng.internal.MethodRunner.runInSequence(MethodRunner.java:46)
at org.testng.internal.TestInvoker$MethodInvocationAgent.invoke(TestInvoker.java:824)
at org.testng.internal.TestInvoker.invokeTestMethods(TestInvoker.java:146)
at org.testng.internal.TestMethodWorker.invokeTestMethods(TestMethodWorker.java:146)
at org.testng.internal.TestMethodWorker.run(TestMethodWorker.java:128)
at java.base/java.util.ArrayList.forEach(ArrayList.java:1541)
at org.testng.TestRunner.privateRun(TestRunner.java:794)
at org.testng.TestRunner.run(TestRunner.java:596)
at org.testng.SuiteRunner.runTest(SuiteRunner.java:377)
at org.testng.SuiteRunner.runSequentially(SuiteRunner.java:371)
at org.testng.SuiteRunner.privateRun(SuiteRunner.java:332)
at org.testng.SuiteRunner.run(SuiteRunner.java:276)
at org.testng.SuiteRunnerWorker.runSuite(SuiteRunnerWorker.java:53)
at org.testng.SuiteRunnerWorker.run(SuiteRunnerWorker.java:96)
at org.testng.TestNG.runSuitesSequentially(TestNG.java:1212)
at org.testng.TestNG.runSuitesLocally(TestNG.java:1134)
at org.testng.TestNG.runSuites(TestNG.java:1063)
at org.testng.TestNG.run(TestNG.java:1031)
at org.testng.remote.AbstractRemoteTestNG.run(AbstractRemoteTestNG.java:115)
at org.testng.remote.RemoteTestNG.initAndRun(RemoteTestNG.java:251)
at org.testng.remote.RemoteTestNG.main(RemoteTestNG.java:77)
]]>
            </full-stacktrace>
          </exception> <!-- java.lang.AssertionError -->
          <reporter-output>
          </reporter-output>
        </test-method> <!-- Test_Piggy_Login -->
      </class> <!-- TestLittlePiggy -->
      <class name="TestHome">
        <test-method signature="Home_Redirects_Home()[pri:0, instance:TestHome@47987356]" started-at="2023-07-25T11:34:43 PDT" name="Home_Redirects_Home" finished-at="2023-07-25T11:34:46 PDT" duration-ms="2790" status="PASS">
          <reporter-output>
          </reporter-output>
        </test-method> <!-- Home_Redirects_Home -->
        <test-method signature="Test_NavMenu_isHidden()[pri:0, instance:TestHome@47987356]" started-at="2023-07-25T11:34:46 PDT" name="Test_NavMenu_isHidden" finished-at="2023-07-25T11:34:48 PDT" duration-ms="2108" status="PASS">
          <reporter-output>
          </reporter-output>
        </test-method> <!-- Test_NavMenu_isHidden -->
        <test-method signature="test_Home_isCollapsed()[pri:0, instance:TestHome@47987356]" started-at="2023-07-25T11:34:48 PDT" name="test_Home_isCollapsed" finished-at="2023-07-25T11:34:52 PDT" duration-ms="4499" status="PASS">
          <reporter-output>
          </reporter-output>
        </test-method> <!-- test_Home_isCollapsed -->
      </class> <!-- TestHome -->
    </test> <!-- Default test -->
  </suite> <!-- Default suite -->
</testng-results>
