<?xml version="1.0" encoding="UTF-8"?>
<!-- Generated by org.testng.reporters.JUnitXMLReporter -->
<testsuite ignored="3" hostname="Hunters-MacBook-Pro-2.local" failures="0" tests="1" name="Default test" time="4.927" errors="0" timestamp="2023-08-02T12:26:13 PDT">
  <testcase classname="TestHome" name="addVehicle_verifyInput" time="4.752"/>
  <testcase classname="TestHome" name="myGarage_Redirects_Home" time="0.0">
    <ignored/>
  </testcase> <!-- myGarage_Redirects_Home -->
  <testcase classname="TestHome" name="Test_NavMenu_isHidden" time="0.0">
    <ignored/>
  </testcase> <!-- Test_NavMenu_isHidden -->
  <testcase classname="TestHome" name="searchGarage_Does_Reduce" time="0.0">
    <ignored/>
  </testcase> <!-- searchGarage_Does_Reduce -->
</testsuite> <!-- Default test -->
